<?xml version="1.0" encoding="UTF-8"?>
<!-- Generated by org.testng.reporters.JUnitReportReporter -->
<testsuite hostname="DESKTOP-89HMT6O" failures="3" tests="49" name="TestRunner.runner" time="32.744" errors="0" timestamp="2023-07-27T14:16:59 GMT-04:00" skipped="0">
  <testcase classname="TestRunner.runner" name="runScenario" time="0.416"/>
  <system-out/>
  <testcase classname="TestRunner.runner" name="runScenario" time="0.244">
    <failure message="expected [400] but found [200]" type="java.lang.AssertionError">
      <![CDATA[java.lang.AssertionError: expected [400] but found [200]
at org.testng.Assert.fail(Assert.java:110)
at org.testng.Assert.failNotEquals(Assert.java:1577)
at org.testng.Assert.assertEqualsImpl(Assert.java:149)
at org.testng.Assert.assertEquals(Assert.java:131)
at org.testng.Assert.assertEquals(Assert.java:1418)
at org.testng.Assert.assertEquals(Assert.java:1448)
at stepDefinition.FAssignmentSubmission_SD.user_receives_created_status_with_response_body(FAssignmentSubmission_SD.java:140)
at ✽.User receives 400 Created Status with response body for assignmentSubmission(file:///C:/Users/Viru/Desktop/JavaPrograms/RestAssureApi/src/test/resources/featureFiles/05LMS_AssignmentSubmission.feature:163)
]]>
    </failure>
  </testcase> <!-- runScenario -->
  <system-out/>
  <testcase classname="TestRunner.runner" name="runScenario" time="1.324"/>
  <system-out/>
  <testcase classname="TestRunner.runner" name="runScenario" time="8.457"/>
  <system-out/>
  <testcase classname="TestRunner.runner" name="runScenario" time="0.210"/>
  <system-out/>
  <testcase classname="TestRunner.runner" name="runScenario" time="0.594"/>
  <system-out/>
  <testcase classname="TestRunner.runner" name="runScenario" time="0.208"/>
  <system-out/>
  <testcase classname="TestRunner.runner" name="runScenario" time="0.192"/>
  <system-out/>
  <testcase classname="TestRunner.runner" name="runScenario" time="0.424"/>
  <system-out/>
  <testcase classname="TestRunner.runner" name="runScenario" time="1.329"/>
  <system-out/>
  <testcase classname="TestRunner.runner" name="runScenario" time="1.914"/>
  <system-out/>
  <testcase classname="TestRunner.runner" name="runScenario" time="0.262"/>
  <system-out/>
  <testcase classname="TestRunner.runner" name="runScenario" time="0.438"/>
  <system-out/>
  <testcase classname="TestRunner.runner" name="runScenario" time="0.725"/>
  <system-out/>
  <testcase classname="TestRunner.runner" name="runScenario" time="0.246"/>
  <system-out/>
  <testcase classname="TestRunner.runner" name="runScenario" time="0.352"/>
  <system-out/>
  <testcase classname="TestRunner.runner" name="runScenario" time="0.416"/>
  <system-out/>
  <testcase classname="TestRunner.runner" name="runScenario" time="0.220"/>
  <system-out/>
  <testcase classname="TestRunner.runner" name="runScenario" time="0.194"/>
  <system-out/>
  <testcase classname="TestRunner.runner" name="runScenario" time="0.330"/>
  <system-out/>
  <testcase classname="TestRunner.runner" name="runScenario" time="0.273"/>
  <system-out/>
  <testcase classname="TestRunner.runner" name="runScenario" time="0.405"/>
  <system-out/>
  <testcase classname="TestRunner.runner" name="runScenario" time="0.194"/>
  <system-out/>
  <testcase classname="TestRunner.runner" name="runScenario" time="1.085"/>
  <system-out/>
  <testcase classname="TestRunner.runner" name="runScenario" time="0.478"/>
  <system-out/>
  <testcase classname="TestRunner.runner" name="runScenario" time="0.275"/>
  <system-out/>
  <testcase classname="TestRunner.runner" name="runScenario" time="1.663"/>
  <system-out/>
  <testcase classname="TestRunner.runner" name="runScenario" time="0.220"/>
  <system-out/>
  <testcase classname="TestRunner.runner" name="runScenario" time="0.163"/>
  <system-out/>
  <testcase classname="TestRunner.runner" name="runScenario" time="0.636"/>
  <system-out/>
  <testcase classname="TestRunner.runner" name="runScenario" time="0.580"/>
  <system-out/>
  <testcase classname="TestRunner.runner" name="runScenario" time="0.285"/>
  <system-out/>
  <testcase classname="TestRunner.runner" name="runScenario" time="0.313"/>
  <system-out/>
  <testcase classname="TestRunner.runner" name="runScenario" time="0.527"/>
  <system-out/>
  <testcase classname="TestRunner.runner" name="runScenario" time="0.282"/>
  <system-out/>
  <testcase classname="TestRunner.runner" name="runScenario" time="0.283"/>
  <system-out/>
  <testcase classname="TestRunner.runner" name="runScenario" time="0.354"/>
  <system-out/>
  <testcase classname="TestRunner.runner" name="runScenario" time="0.720"/>
  <system-out/>
  <testcase classname="TestRunner.runner" name="runScenario" time="0.208"/>
  <system-out/>
  <testcase classname="TestRunner.runner" name="runScenario" time="1.472"/>
  <system-out/>
  <testcase classname="TestRunner.runner" name="runScenario" time="0.319">
    <failure message="expected [404] but found [200]" type="java.lang.AssertionError">
      <![CDATA[java.lang.AssertionError: expected [404] but found [200]
at org.testng.Assert.fail(Assert.java:110)
at org.testng.Assert.failNotEquals(Assert.java:1577)
at org.testng.Assert.assertEqualsImpl(Assert.java:149)
at org.testng.Assert.assertEquals(Assert.java:131)
at org.testng.Assert.assertEquals(Assert.java:1418)
at org.testng.Assert.assertEquals(Assert.java:1448)
at stepDefinition.FAssignmentSubmission_SD.user_receives_created_status_with_response_body(FAssignmentSubmission_SD.java:140)
at ✽.User receives 404 Created Status with response body for assignmentSubmission(file:///C:/Users/Viru/Desktop/JavaPrograms/RestAssureApi/src/test/resources/featureFiles/05LMS_AssignmentSubmission.feature:88)
]]>
    </failure>
  </testcase> <!-- runScenario -->
  <system-out/>
  <testcase classname="TestRunner.runner" name="runScenario" time="0.263"/>
  <system-out/>
  <testcase classname="TestRunner.runner" name="runScenario" time="0.742"/>
  <system-out/>
  <testcase classname="TestRunner.runner" name="runScenario" time="0.529"/>
  <system-out/>
  <testcase classname="TestRunner.runner" name="runScenario" time="0.624"/>
  <system-out/>
  <testcase classname="TestRunner.runner" name="runScenario" time="0.257"/>
  <system-out/>
  <testcase classname="TestRunner.runner" name="runScenario" time="0.465"/>
  <system-out/>
  <testcase classname="TestRunner.runner" name="runScenario" time="0.434">
    <failure message="expected [200] but found [400]" type="java.lang.AssertionError">
      <![CDATA[java.lang.AssertionError: expected [200] but found [400]
at org.testng.Assert.fail(Assert.java:110)
at org.testng.Assert.failNotEquals(Assert.java:1577)
at org.testng.Assert.assertEqualsImpl(Assert.java:149)
at org.testng.Assert.assertEquals(Assert.java:131)
at org.testng.Assert.assertEquals(Assert.java:1418)
at org.testng.Assert.assertEquals(Assert.java:1448)
at stepDefinition.FAssignmentSubmission_SD.user_receives_created_status_with_response_body(FAssignmentSubmission_SD.java:140)
at ✽.User receives 200 Created Status with response body for assignmentSubmission(file:///C:/Users/Viru/Desktop/JavaPrograms/RestAssureApi/src/test/resources/featureFiles/05LMS_AssignmentSubmission.feature:47)
]]>
    </failure>
  </testcase> <!-- runScenario -->
  <system-out/>
  <testcase classname="TestRunner.runner" name="runScenario" time="0.200"/>
  <system-out/>
</testsuite> <!-- TestRunner.runner -->
